<?xml version="1.0" encoding="UTF-8"?>
<testsuite name="CadastrarPessoaTeste" tests="1" skipped="0" failures="0" errors="0" timestamp="2023-03-26T00:32:07" hostname="METAVERSO" time="1.091">
  <properties/>
  <testcase name="lancaExceptionQuandoChmarApiDosCorreios()" classname="CadastrarPessoaTeste" time="1.091"/>
  <system-out><![CDATA[]]></system-out>
  <system-err><![CDATA[]]></system-err>
</testsuite>
